# JRE version: OpenJDK Runtime Environment Temurin-21.0.7+6 (21.0.7+6) (build 21.0.7+6-LTS)
# Java VM: OpenJDK 64-Bit Server VM Temurin-21.0.7+6 (21.0.7+6-LTS, mixed mode, sharing, tiered, compressed oops, compressed class ptrs, parallel gc, windows-amd64)
GC Precious Log:
 CardTable entry size: 512
 CPUs: 4 total, 4 available
 Memory: 8133M
 Large Page Support: Disabled
 NUMA Support: Disabled
 Compressed Oops: Enabled (32-bit)
 Alignments: Space 512K, Generation 512K, Heap 2M
 Heap Min Capacity: 100M
 Heap Initial Capacity: 100M
 Heap Max Capacity: 1G
 Pre-touch: Disabled
 Parallel Workers: 4
Heap:
 PSYoungGen      total 3584K, used 1880K [0x00000000eab00000, 0x00000000eb180000, 0x0000000100000000)
  eden space 3072K, 55% used [0x00000000eab00000,0x00000000eaca8fc0,0x00000000eae00000)
  from space 512K, 35% used [0x00000000eb080000,0x00000000eb0ad388,0x00000000eb100000)
  to   space 512K, 0% used [0x00000000eb100000,0x00000000eb100000,0x00000000eb180000)
 ParOldGen       total 526336K, used 525931K [0x00000000c0000000, 0x00000000e0200000, 0x00000000eab00000)
  object space 526336K, 99% used [0x00000000c0000000,0x00000000e019af38,0x00000000e0200000)
 Metaspace       used 93955K, committed 95936K, reserved 1179648K
  class space    used 9685K, committed 10560K, reserved 1048576K
GC Heap History (20 events):
Event: 245.944 GC heap before
{Heap before GC invocations=1373 (full 5):
 PSYoungGen      total 4608K, used 3423K [0x00000000eab00000, 0x00000000eb180000, 0x0000000100000000)
  eden space 3072K, 99% used [0x00000000eab00000,0x00000000eadfffc0,0x00000000eae00000)
  from space 1536K, 22% used [0x00000000eae80000,0x00000000eaed8000,0x00000000eb000000)
  to   space 512K, 0% used [0x00000000eb100000,0x00000000eb100000,0x00000000eb180000)
 ParOldGen       total 524800K, used 524653K [0x00000000c0000000, 0x00000000e0080000, 0x00000000eab00000)
  object space 524800K, 99% used [0x00000000c0000000,0x00000000e005b6d8,0x00000000e0080000)
 Metaspace       used 90620K, committed 92480K, reserved 1179648K
  class space    used 9160K, committed 9984K, reserved 1048576K
}
Event: 245.947 GC heap after
{Heap after GC invocations=1373 (full 5):
 PSYoungGen      total 3584K, used 305K [0x00000000eab00000, 0x00000000eb180000, 0x0000000100000000)
  eden space 3072K, 0% used [0x00000000eab00000,0x00000000eab00000,0x00000000eae00000)
  from space 512K, 59% used [0x00000000eb100000,0x00000000eb14c5d0,0x00000000eb180000)
  to   space 512K, 0% used [0x00000000eb080000,0x00000000eb080000,0x00000000eb100000)
 ParOldGen       total 525312K, used 524829K [0x00000000c0000000, 0x00000000e0100000, 0x00000000eab00000)
  object space 525312K, 99% used [0x00000000c0000000,0x00000000e00876e8,0x00000000e0100000)
 Metaspace       used 90620K, committed 92480K, reserved 1179648K
  class space    used 9160K, committed 9984K, reserved 1048576K
}
Event: 245.981 GC heap before
{Heap before GC invocations=1374 (full 5):
 PSYoungGen      total 3584K, used 3377K [0x00000000eab00000, 0x00000000eb180000, 0x0000000100000000)
  eden space 3072K, 100% used [0x00000000eab00000,0x00000000eae00000,0x00000000eae00000)
  from space 512K, 59% used [0x00000000eb100000,0x00000000eb14c5d0,0x00000000eb180000)
  to   space 512K, 0% used [0x00000000eb080000,0x00000000eb080000,0x00000000eb100000)
 ParOldGen       total 525312K, used 524829K [0x00000000c0000000, 0x00000000e0100000, 0x00000000eab00000)
  object space 525312K, 99% used [0x00000000c0000000,0x00000000e00876e8,0x00000000e0100000)
 Metaspace       used 91007K, committed 92928K, reserved 1179648K
  class space    used 9197K, committed 10048K, reserved 1048576K
}
Event: 245.982 GC heap after
{Heap after GC invocations=1374 (full 5):
 PSYoungGen      total 3584K, used 128K [0x00000000eab00000, 0x00000000eb180000, 0x0000000100000000)
  eden space 3072K, 0% used [0x00000000eab00000,0x00000000eab00000,0x00000000eae00000)
  from space 512K, 25% used [0x00000000eb080000,0x00000000eb0a0000,0x00000000eb100000)
  to   space 512K, 0% used [0x00000000eb100000,0x00000000eb100000,0x00000000eb180000)
 ParOldGen       total 525312K, used 525044K [0x00000000c0000000, 0x00000000e0100000, 0x00000000eab00000)
  object space 525312K, 99% used [0x00000000c0000000,0x00000000e00bd2d0,0x00000000e0100000)
 Metaspace       used 91007K, committed 92928K, reserved 1179648K
  class space    used 9197K, committed 10048K, reserved 1048576K
}
Event: 246.005 GC heap before
{Heap before GC invocations=1375 (full 5):
 PSYoungGen      total 3584K, used 3200K [0x00000000eab00000, 0x00000000eb180000, 0x0000000100000000)
  eden space 3072K, 100% used [0x00000000eab00000,0x00000000eae00000,0x00000000eae00000)
  from space 512K, 25% used [0x00000000eb080000,0x00000000eb0a0000,0x00000000eb100000)
  to   space 512K, 0% used [0x00000000eb100000,0x00000000eb100000,0x00000000eb180000)
 ParOldGen       total 525312K, used 525044K [0x00000000c0000000, 0x00000000e0100000, 0x00000000eab00000)
  object space 525312K, 99% used [0x00000000c0000000,0x00000000e00bd2d0,0x00000000e0100000)
 Metaspace       used 91189K, committed 93120K, reserved 1179648K
  class space    used 9240K, committed 10112K, reserved 1048576K
}
Event: 246.007 GC heap after
{Heap after GC invocations=1375 (full 5):
 PSYoungGen      total 3584K, used 510K [0x00000000eab00000, 0x00000000eb180000, 0x0000000100000000)
  eden space 3072K, 0% used [0x00000000eab00000,0x00000000eab00000,0x00000000eae00000)
  from space 512K, 99% used [0x00000000eb100000,0x00000000eb17f850,0x00000000eb180000)
  to   space 1024K, 0% used [0x00000000eaf80000,0x00000000eaf80000,0x00000000eb080000)
 ParOldGen       total 525312K, used 525283K [0x00000000c0000000, 0x00000000e0100000, 0x00000000eab00000)
  object space 525312K, 99% used [0x00000000c0000000,0x00000000e00f8ef8,0x00000000e0100000)
 Metaspace       used 91189K, committed 93120K, reserved 1179648K
  class space    used 9240K, committed 10112K, reserved 1048576K
}
Event: 246.044 GC heap before
{Heap before GC invocations=1376 (full 5):
 PSYoungGen      total 3584K, used 3582K [0x00000000eab00000, 0x00000000eb180000, 0x0000000100000000)
  eden space 3072K, 100% used [0x00000000eab00000,0x00000000eae00000,0x00000000eae00000)
  from space 512K, 99% used [0x00000000eb100000,0x00000000eb17f850,0x00000000eb180000)
  to   space 1024K, 0% used [0x00000000eaf80000,0x00000000eaf80000,0x00000000eb080000)
 ParOldGen       total 525312K, used 525283K [0x00000000c0000000, 0x00000000e0100000, 0x00000000eab00000)
  object space 525312K, 99% used [0x00000000c0000000,0x00000000e00f8ef8,0x00000000e0100000)
 Metaspace       used 91767K, committed 93632K, reserved 1179648K
  class space    used 9297K, committed 10112K, reserved 1048576K
}
Event: 246.045 GC heap after
{Heap after GC invocations=1376 (full 5):
 PSYoungGen      total 4096K, used 192K [0x00000000eab00000, 0x00000000eb180000, 0x0000000100000000)
  eden space 3072K, 0% used [0x00000000eab00000,0x00000000eab00000,0x00000000eae00000)
  from space 1024K, 18% used [0x00000000eaf80000,0x00000000eafb0000,0x00000000eb080000)
  to   space 512K, 0% used [0x00000000eb100000,0x00000000eb100000,0x00000000eb180000)
 ParOldGen       total 525824K, used 525323K [0x00000000c0000000, 0x00000000e0180000, 0x00000000eab00000)
  object space 525824K, 99% used [0x00000000c0000000,0x00000000e0102ef8,0x00000000e0180000)
 Metaspace       used 91767K, committed 93632K, reserved 1179648K
  class space    used 9297K, committed 10112K, reserved 1048576K
}
Event: 246.082 GC heap before
{Heap before GC invocations=1377 (full 5):
 PSYoungGen      total 4096K, used 3264K [0x00000000eab00000, 0x00000000eb180000, 0x0000000100000000)
  eden space 3072K, 100% used [0x00000000eab00000,0x00000000eae00000,0x00000000eae00000)
  from space 1024K, 18% used [0x00000000eaf80000,0x00000000eafb0000,0x00000000eb080000)
  to   space 512K, 0% used [0x00000000eb100000,0x00000000eb100000,0x00000000eb180000)
 ParOldGen       total 525824K, used 525323K [0x00000000c0000000, 0x00000000e0180000, 0x00000000eab00000)
  object space 525824K, 99% used [0x00000000c0000000,0x00000000e0102ef8,0x00000000e0180000)
 Metaspace       used 91969K, committed 93888K, reserved 1179648K
  class space    used 9355K, committed 10176K, reserved 1048576K
}
Event: 246.083 GC heap after
{Heap after GC invocations=1377 (full 5):
 PSYoungGen      total 3584K, used 160K [0x00000000eab00000, 0x00000000eb180000, 0x0000000100000000)
  eden space 3072K, 0% used [0x00000000eab00000,0x00000000eab00000,0x00000000eae00000)
  from space 512K, 31% used [0x00000000eb100000,0x00000000eb128000,0x00000000eb180000)
  to   space 512K, 0% used [0x00000000eb080000,0x00000000eb080000,0x00000000eb100000)
 ParOldGen       total 525824K, used 525427K [0x00000000c0000000, 0x00000000e0180000, 0x00000000eab00000)
  object space 525824K, 99% used [0x00000000c0000000,0x00000000e011cf28,0x00000000e0180000)
 Metaspace       used 91969K, committed 93888K, reserved 1179648K
  class space    used 9355K, committed 10176K, reserved 1048576K
}
Event: 246.124 GC heap before
{Heap before GC invocations=1378 (full 5):
 PSYoungGen      total 3584K, used 3232K [0x00000000eab00000, 0x00000000eb180000, 0x0000000100000000)
  eden space 3072K, 100% used [0x00000000eab00000,0x00000000eae00000,0x00000000eae00000)
  from space 512K, 31% used [0x00000000eb100000,0x00000000eb128000,0x00000000eb180000)
  to   space 512K, 0% used [0x00000000eb080000,0x00000000eb080000,0x00000000eb100000)
 ParOldGen       total 525824K, used 525427K [0x00000000c0000000, 0x00000000e0180000, 0x00000000eab00000)
  object space 525824K, 99% used [0x00000000c0000000,0x00000000e011cf28,0x00000000e0180000)
 Metaspace       used 92314K, committed 94208K, reserved 1179648K
  class space    used 9416K, committed 10240K, reserved 1048576K
}
Event: 246.126 GC heap after
{Heap after GC invocations=1378 (full 5):
 PSYoungGen      total 3584K, used 160K [0x00000000eab00000, 0x00000000eb180000, 0x0000000100000000)
  eden space 3072K, 0% used [0x00000000eab00000,0x00000000eab00000,0x00000000eae00000)
  from space 512K, 31% used [0x00000000eb080000,0x00000000eb0a8000,0x00000000eb100000)
  to   space 512K, 0% used [0x00000000eb100000,0x00000000eb100000,0x00000000eb180000)
 ParOldGen       total 525824K, used 525475K [0x00000000c0000000, 0x00000000e0180000, 0x00000000eab00000)
  object space 525824K, 99% used [0x00000000c0000000,0x00000000e0128f28,0x00000000e0180000)
 Metaspace       used 92314K, committed 94208K, reserved 1179648K
  class space    used 9416K, committed 10240K, reserved 1048576K
}
Event: 246.151 GC heap before
{Heap before GC invocations=1379 (full 5):
 PSYoungGen      total 3584K, used 3232K [0x00000000eab00000, 0x00000000eb180000, 0x0000000100000000)
  eden space 3072K, 100% used [0x00000000eab00000,0x00000000eae00000,0x00000000eae00000)
  from space 512K, 31% used [0x00000000eb080000,0x00000000eb0a8000,0x00000000eb100000)
  to   space 512K, 0% used [0x00000000eb100000,0x00000000eb100000,0x00000000eb180000)
 ParOldGen       total 525824K, used 525475K [0x00000000c0000000, 0x00000000e0180000, 0x00000000eab00000)
  object space 525824K, 99% used [0x00000000c0000000,0x00000000e0128f28,0x00000000e0180000)
 Metaspace       used 92660K, committed 94592K, reserved 1179648K
  class space    used 9458K, committed 10304K, reserved 1048576K
}
Event: 246.152 GC heap after
{Heap after GC invocations=1379 (full 5):
 PSYoungGen      total 3584K, used 160K [0x00000000eab00000, 0x00000000eb180000, 0x0000000100000000)
  eden space 3072K, 0% used [0x00000000eab00000,0x00000000eab00000,0x00000000eae00000)
  from space 512K, 31% used [0x00000000eb100000,0x00000000eb128000,0x00000000eb180000)
  to   space 512K, 0% used [0x00000000eb080000,0x00000000eb080000,0x00000000eb100000)
 ParOldGen       total 525824K, used 525531K [0x00000000c0000000, 0x00000000e0180000, 0x00000000eab00000)
  object space 525824K, 99% used [0x00000000c0000000,0x00000000e0136f28,0x00000000e0180000)
 Metaspace       used 92660K, committed 94592K, reserved 1179648K
  class space    used 9458K, committed 10304K, reserved 1048576K
}
Event: 249.632 GC heap before
{Heap before GC invocations=1380 (full 5):
 PSYoungGen      total 3584K, used 3212K [0x00000000eab00000, 0x00000000eb180000, 0x0000000100000000)
  eden space 3072K, 99% used [0x00000000eab00000,0x00000000eadfb178,0x00000000eae00000)
  from space 512K, 31% used [0x00000000eb100000,0x00000000eb128000,0x00000000eb180000)
  to   space 512K, 0% used [0x00000000eb080000,0x00000000eb080000,0x00000000eb100000)
 ParOldGen       total 525824K, used 525531K [0x00000000c0000000, 0x00000000e0180000, 0x00000000eab00000)
  object space 525824K, 99% used [0x00000000c0000000,0x00000000e0136f28,0x00000000e0180000)
 Metaspace       used 92963K, committed 94848K, reserved 1179648K
  class space    used 9512K, committed 10368K, reserved 1048576K
}
Event: 249.633 GC heap after
{Heap after GC invocations=1380 (full 5):
 PSYoungGen      total 3584K, used 323K [0x00000000eab00000, 0x00000000eb180000, 0x0000000100000000)
  eden space 3072K, 0% used [0x00000000eab00000,0x00000000eab00000,0x00000000eae00000)
  from space 512K, 63% used [0x00000000eb080000,0x00000000eb0d0ff0,0x00000000eb100000)
  to   space 512K, 0% used [0x00000000eb100000,0x00000000eb100000,0x00000000eb180000)
 ParOldGen       total 525824K, used 525587K [0x00000000c0000000, 0x00000000e0180000, 0x00000000eab00000)
  object space 525824K, 99% used [0x00000000c0000000,0x00000000e0144f28,0x00000000e0180000)
 Metaspace       used 92963K, committed 94848K, reserved 1179648K
  class space    used 9512K, committed 10368K, reserved 1048576K
}
Event: 249.661 GC heap before
{Heap before GC invocations=1381 (full 5):
 PSYoungGen      total 3584K, used 3381K [0x00000000eab00000, 0x00000000eb180000, 0x0000000100000000)
  eden space 3072K, 99% used [0x00000000eab00000,0x00000000eadfc7e0,0x00000000eae00000)
  from space 512K, 63% used [0x00000000eb080000,0x00000000eb0d0ff0,0x00000000eb100000)
  to   space 512K, 0% used [0x00000000eb100000,0x00000000eb100000,0x00000000eb180000)
 ParOldGen       total 525824K, used 525587K [0x00000000c0000000, 0x00000000e0180000, 0x00000000eab00000)
  object space 525824K, 99% used [0x00000000c0000000,0x00000000e0144f28,0x00000000e0180000)
 Metaspace       used 93408K, committed 95296K, reserved 1179648K
  class space    used 9579K, committed 10432K, reserved 1048576K
}
Event: 249.662 GC heap after
{Heap after GC invocations=1381 (full 5):
 PSYoungGen      total 3584K, used 209K [0x00000000eab00000, 0x00000000eb180000, 0x0000000100000000)
  eden space 3072K, 0% used [0x00000000eab00000,0x00000000eab00000,0x00000000eae00000)
  from space 512K, 40% used [0x00000000eb100000,0x00000000eb134420,0x00000000eb180000)
  to   space 512K, 0% used [0x00000000eb080000,0x00000000eb080000,0x00000000eb100000)
 ParOldGen       total 525824K, used 525787K [0x00000000c0000000, 0x00000000e0180000, 0x00000000eab00000)
  object space 525824K, 99% used [0x00000000c0000000,0x00000000e0176f38,0x00000000e0180000)
 Metaspace       used 93408K, committed 95296K, reserved 1179648K
  class space    used 9579K, committed 10432K, reserved 1048576K
}
Event: 249.840 GC heap before
{Heap before GC invocations=1382 (full 5):
 PSYoungGen      total 3584K, used 3281K [0x00000000eab00000, 0x00000000eb180000, 0x0000000100000000)
  eden space 3072K, 100% used [0x00000000eab00000,0x00000000eae00000,0x00000000eae00000)
  from space 512K, 40% used [0x00000000eb100000,0x00000000eb134420,0x00000000eb180000)
  to   space 512K, 0% used [0x00000000eb080000,0x00000000eb080000,0x00000000eb100000)
 ParOldGen       total 525824K, used 525787K [0x00000000c0000000, 0x00000000e0180000, 0x00000000eab00000)
  object space 525824K, 99% used [0x00000000c0000000,0x00000000e0176f38,0x00000000e0180000)
 Metaspace       used 93743K, committed 95680K, reserved 1179648K
  class space    used 9636K, committed 10496K, reserved 1048576K
}
Event: 249.841 GC heap after
{Heap after GC invocations=1382 (full 5):
 PSYoungGen      total 3584K, used 180K [0x00000000eab00000, 0x00000000eb180000, 0x0000000100000000)
  eden space 3072K, 0% used [0x00000000eab00000,0x00000000eab00000,0x00000000eae00000)
  from space 512K, 35% used [0x00000000eb080000,0x00000000eb0ad388,0x00000000eb100000)
  to   space 512K, 0% used [0x00000000eb100000,0x00000000eb100000,0x00000000eb180000)
 ParOldGen       total 526336K, used 525931K [0x00000000c0000000, 0x00000000e0200000, 0x00000000eab00000)
  object space 526336K, 99% used [0x00000000c0000000,0x00000000e019af38,0x00000000e0200000)
 Metaspace       used 93743K, committed 95680K, reserved 1179648K
  class space    used 9636K, committed 10496K, reserved 1048576K
}

